2022-10-31 16:01:13,553 - Target log system for org.apache.velocity.runtime.log.AvalonLogChute is not available (java.lang.NoClassDefFoundError: org/apache/log/format/Formatter).  Falling back to next log system...
2022-10-31 16:01:13,554 - Trying to use logger class org.apache.velocity.runtime.log.Log4JLogChute
2022-10-31 16:01:13,554 - Using logger class org.apache.velocity.runtime.log.Log4JLogChute
2022-10-31 16:01:13,554 - ResourceLoader instantiated: org.apache.velocity.runtime.resource.loader.FileResourceLoader
2022-10-31 16:01:13,554 - Do unicode file recognition:  false
2022-10-31 16:01:13,554 - FileResourceLoader : adding path '.'
2022-10-31 16:01:13,555 - ResourceCache: initialized (class org.apache.velocity.runtime.resource.ResourceCacheImpl) with class java.util.Collections$SynchronizedMap cache map.
2022-10-31 16:01:13,556 - Loaded System Directive: org.apache.velocity.runtime.directive.Stop
2022-10-31 16:01:13,556 - Loaded System Directive: org.apache.velocity.runtime.directive.Define
2022-10-31 16:01:13,556 - Loaded System Directive: org.apache.velocity.runtime.directive.Break
2022-10-31 16:01:13,557 - Loaded System Directive: org.apache.velocity.runtime.directive.Evaluate
2022-10-31 16:01:13,557 - Loaded System Directive: org.apache.velocity.runtime.directive.Literal
2022-10-31 16:01:13,557 - Loaded System Directive: org.apache.velocity.runtime.directive.Macro
2022-10-31 16:01:13,557 - Loaded System Directive: org.apache.velocity.runtime.directive.Parse
2022-10-31 16:01:13,558 - Loaded System Directive: org.apache.velocity.runtime.directive.Include
2022-10-31 16:01:13,558 - Loaded System Directive: org.apache.velocity.runtime.directive.Foreach
2022-10-31 16:01:13,562 - Created '20' parsers.
2022-10-31 16:01:13,563 - Velocimacro : "velocimacro.library" is not set.  Trying default library: VM_global_library.vm
2022-10-31 16:01:13,563 - Velocimacro : Default library not found.
2022-10-31 16:01:13,563 - Velocimacro : allowInline = true : VMs can be defined inline in templates
2022-10-31 16:01:13,563 - Velocimacro : allowInlineToOverride = false : VMs defined inline may NOT replace previous VM definitions
2022-10-31 16:01:13,563 - Velocimacro : allowInlineLocal = false : VMs defined inline will be global in scope if allowed.
2022-10-31 16:01:13,563 - Velocimacro : autoload off : VM system will not automatically reload global library macros
2022-10-31 16:01:13,567 - ResourceManager : found velocityTemp.vm with loader org.apache.velocity.runtime.resource.loader.FileResourceLoader
2022-10-31 16:01:13,575 - Log4JLogChute initialized using file 'velocity.log'
2022-10-31 16:01:13,575 - Initializing Velocity, Calling init()...
2022-10-31 16:01:13,576 - Starting Apache Velocity v1.7 (compiled: 2010-11-19 12:14:37)
2022-10-31 16:01:13,576 - Default Properties File: org\apache\velocity\runtime\defaults\velocity.properties
2022-10-31 16:01:13,576 - Trying to use logger class org.apache.velocity.runtime.log.AvalonLogChute
2022-10-31 16:01:13,576 - Target log system for org.apache.velocity.runtime.log.AvalonLogChute is not available (java.lang.NoClassDefFoundError: org/apache/log/format/Formatter).  Falling back to next log system...
2022-10-31 16:01:13,576 - Trying to use logger class org.apache.velocity.runtime.log.Log4JLogChute
2022-10-31 16:01:13,576 - Using logger class org.apache.velocity.runtime.log.Log4JLogChute
2022-10-31 16:01:13,577 - ResourceLoader instantiated: org.apache.velocity.runtime.resource.loader.FileResourceLoader
2022-10-31 16:01:13,577 - Do unicode file recognition:  false
2022-10-31 16:01:13,577 - FileResourceLoader : adding path '.'
2022-10-31 16:01:13,577 - ResourceCache: initialized (class org.apache.velocity.runtime.resource.ResourceCacheImpl) with class java.util.Collections$SynchronizedMap cache map.
2022-10-31 16:01:13,578 - Loaded System Directive: org.apache.velocity.runtime.directive.Stop
2022-10-31 16:01:13,578 - Loaded System Directive: org.apache.velocity.runtime.directive.Define
2022-10-31 16:01:13,578 - Loaded System Directive: org.apache.velocity.runtime.directive.Break
2022-10-31 16:01:13,579 - Loaded System Directive: org.apache.velocity.runtime.directive.Evaluate
2022-10-31 16:01:13,579 - Loaded System Directive: org.apache.velocity.runtime.directive.Literal
2022-10-31 16:01:13,579 - Loaded System Directive: org.apache.velocity.runtime.directive.Macro
2022-10-31 16:01:13,579 - Loaded System Directive: org.apache.velocity.runtime.directive.Parse
2022-10-31 16:01:13,579 - Loaded System Directive: org.apache.velocity.runtime.directive.Include
2022-10-31 16:01:13,579 - Loaded System Directive: org.apache.velocity.runtime.directive.Foreach
79 - Loaded System Directive: org.apache.velocity.runtime.directive.Macro
2022-10-31 16:01:13,579 - Loaded System Directive: org.apache.velocity.runtime.directive.Parse
2022-10-31 16:01:13,579 - Loaded System Directive: org.apache.velocity.runtime.directive.Include
2022-10-31 16:01:13,579 - Loaded System Directive: org.apache.velocity.runtime.directive.Foreach
ity.runtime.resource.ResourceCacheImpl) with class java.util.Collections$SynchronizedMap cache map.
2022-10-31 16:01:13,555 - ResourceCache: initialized (class org.apache.velocity.runtime.resource.ResourceCacheImpl) with class java.util.Collections$SynchronizedMap cache map.
2022-10-31 16:01:13,556 - Loaded System Directive: org.apache.velocity.runtime.directive.Stop
2022-10-31 16:01:13,556 - Loaded System Directive: org.apache.velocity.runtime.directive.Stop
2022-10-31 16:01:13,556 - Loaded System Directive: org.apache.velocity.runtime.directive.Stop
2022-10-31 16:01:13,556 - Loaded System Directive: org.apache.velocity.runtime.directive.Stop
2022-10-31 16:01:13,556 - Loaded System Directive: org.apache.velocity.runtime.directive.Stop
2022-10-31 16:01:13,556 - Loaded System Directive: org.apache.velocity.runtime.directive.Stop
2022-10-31 16:01:13,556 - Loaded System Directive: org.apache.velocity.runtime.directive.Define
2022-10-31 16:01:13,556 - Loaded System Directive: org.apache.velocity.runtime.directive.Define
2022-10-31 16:01:13,556 - Loaded System Directive: org.apache.velocity.runtime.directive.Define
2022-10-31 16:01:13,556 - Loaded System Directive: org.apache.velocity.runtime.directive.Define
2022-10-31 16:01:13,556 - Loaded System Directive: org.apache.velocity.runtime.directive.Define
2022-10-31 16:01:13,556 - Loaded System Directive: org.apache.velocity.runtime.directive.Define
2022-10-31 16:01:13,556 - Loaded System Directive: org.apache.velocity.runtime.directive.Break
2022-10-31 16:01:13,556 - Loaded System Directive: org.apache.velocity.runtime.directive.Break
2022-10-31 16:01:13,556 - Loaded System Directive: org.apache.velocity.runtime.directive.Break
2022-10-31 16:01:13,556 - Loaded System Directive: org.apache.velocity.runtime.directive.Break
2022-10-31 16:01:13,556 - Loaded System Directive: org.apache.velocity.runtime.directive.Break
2022-10-31 16:01:13,556 - Loaded System Directive: org.apache.velocity.runtime.directive.Break
2022-10-31 16:01:13,557 - Loaded System Directive: org.apache.velocity.runtime.directive.Evaluate
2022-10-31 16:01:13,557 - Loaded System Directive: org.apache.velocity.runtime.directive.Evaluate
2022-10-31 16:01:13,557 - Loaded System Directive: org.apache.velocity.runtime.directive.Evaluate
2022-10-31 16:01:13,557 - Loaded System Directive: org.apache.velocity.runtime.directive.Evaluate
2022-10-31 16:01:13,557 - Loaded System Directive: org.apache.velocity.runtime.directive.Evaluate
2022-10-31 16:01:13,557 - Loaded System Directive: org.apache.velocity.runtime.directive.Evaluate
2022-10-31 16:01:13,557 - Loaded System Directive: org.apache.velocity.runtime.directive.Literal
2022-10-31 16:01:13,557 - Loaded System Directive: org.apache.velocity.runtime.directive.Literal
2022-10-31 16:01:13,557 - Loaded System Directive: org.apache.velocity.runtime.directive.Literal
2022-10-31 16:01:13,557 - Loaded System Directive: org.apache.velocity.runtime.directive.Literal
2022-10-31 16:01:13,557 - Loaded System Directive: org.apache.velocity.runtime.directive.Literal
2022-10-31 16:01:13,557 - Loaded System Directive: org.apache.velocity.runtime.directive.Literal
2022-10-31 16:01:13,557 - Loaded System Directive: org.apache.velocity.runtime.directive.Macro
2022-10-31 16:01:13,557 - Loaded System Directive: org.apache.velocity.runtime.directive.Macro
2022-10-31 16:01:13,557 - Loaded System Directive: org.apache.velocity.runtime.directive.Macro
2022-10-31 16:01:13,557 - Loaded System Directive: org.apache.velocity.runtime.directive.Macro
2022-10-31 16:01:13,557 - Loaded System Directive: org.apache.velocity.runtime.directive.Macro
2022-10-31 16:01:13,557 - Loaded System Directive: org.apache.velocity.runtime.directive.Macro
2022-10-31 16:01:13,557 - Loaded System Directive: org.apache.velocity.runtime.directive.Parse
2022-10-31 16:01:13,557 - Loaded System Directive: org.apache.velocity.runtime.directive.Parse
2022-10-31 16:01:13,557 - Loaded System Directive: org.apache.velocity.runtime.directive.Parse
2022-10-31 16:01:13,557 - Loaded System Directive: org.apache.velocity.runtime.directive.Parse
2022-10-31 16:01:13,557 - Loaded System Directive: org.apache.velocity.runtime.directive.Parse
2022-10-31 16:01:13,557 - Loaded System Directive: org.apache.velocity.runtime.directive.Parse
2022-10-31 16:01:13,558 - Loaded System Directive: org.apache.velocity.runtime.directive.Include
2022-10-31 16:01:13,558 - Loaded System Directive: org.apache.velocity.runtime.directive.Include
2022-10-31 16:01:13,558 - Loaded System Directive: org.apache.velocity.runtime.directive.Include
2022-10-31 16:01:13,558 - Loaded System Directive: org.apache.velocity.runtime.directive.Include
2022-10-31 16:01:13,558 - Loaded System Directive: org.apache.velocity.runtime.directive.Include
2022-10-31 16:01:13,558 - Loaded System Directive: org.apache.velocity.runtime.directive.Include
2022-10-31 16:01:13,558 - Loaded System Directive: org.apache.velocity.runtime.directive.Foreach
2022-10-31 16:01:13,558 - Loaded System Directive: org.apache.velocity.runtime.directive.Foreach
2022-10-31 16:01:13,558 - Loaded System Directive: org.apache.velocity.runtime.directive.Foreach
2022-10-31 16:01:13,558 - Loaded System Directive: org.apache.velocity.runtime.directive.Foreach
2022-10-31 16:01:13,558 - Loaded System Directive: org.apache.velocity.runtime.directive.Foreach
2022-10-31 16:01:13,558 - Loaded System Directive: org.apache.velocity.runtime.directive.Foreach
2022-10-31 16:01:13,562 - Created '20' parsers.
2022-10-31 16:01:13,562 - Created '20' parsers.
2022-10-31 16:01:13,562 - Created '20' parsers.
2022-10-31 16:01:13,562 - Created '20' parsers.
2022-10-31 16:01:13,562 - Created '20' parsers.
2022-10-31 16:01:13,562 - Created '20' parsers.
2022-10-31 16:01:13,563 - Velocimacro : "velocimacro.library" is not set.  Trying default library: VM_global_library.vm
2022-10-31 16:01:13,563 - Velocimacro : "velocimacro.library" is not set.  Trying default library: VM_global_library.vm
2022-10-31 16:01:13,563 - Velocimacro : "velocimacro.library" is not set.  Trying default library: VM_global_library.vm
2022-10-31 16:01:13,563 - Velocimacro : "velocimacro.library" is not set.  Trying default library: VM_global_library.vm
2022-10-31 16:01:13,563 - Velocimacro : "velocimacro.library" is not set.  Trying default library: VM_global_library.vm
2022-10-31 16:01:13,563 - Velocimacro : "velocimacro.library" is not set.  Trying default library: VM_global_library.vm
2022-10-31 16:01:13,563 - Velocimacro : Default library not found.
2022-10-31 16:01:13,563 - Velocimacro : Default library not found.
2022-10-31 16:01:13,563 - Velocimacro : Default library not found.
2022-10-31 16:01:13,563 - Velocimacro : Default library not found.
2022-10-31 16:01:13,563 - Velocimacro : Default library not found.
2022-10-31 16:01:13,563 - Velocimacro : Default library not found.
2022-10-31 16:01:13,563 - Velocimacro : allowInline = true : VMs can be defined inline in templates
2022-10-31 16:01:13,563 - Velocimacro : allowInline = true : VMs can be defined inline in templates
2022-10-31 16:01:13,563 - Velocimacro : allowInline = true : VMs can be defined inline in templates
2022-10-31 16:01:13,563 - Velocimacro : allowInline = true : VMs can be defined inline in templates
2022-10-31 16:01:13,563 - Velocimacro : allowInline = true : VMs can be defined inline in templates
2022-10-31 16:01:13,563 - Velocimacro : allowInline = true : VMs can be defined inline in templates
2022-10-31 16:01:13,563 - Velocimacro : allowInlineToOverride = false : VMs defined inline may NOT replace previous VM definitions
2022-10-31 16:01:13,563 - Velocimacro : allowInlineToOverride = false : VMs defined inline may NOT replace previous VM definitions
2022-10-31 16:01:13,563 - Velocimacro : allowInlineToOverride = false : VMs defined inline may NOT replace previous VM definitions
2022-10-31 16:01:13,563 - Velocimacro : allowInlineToOverride = false : VMs defined inline may NOT replace previous VM definitions
2022-10-31 16:01:13,563 - Velocimacro : allowInlineToOverride = false : VMs defined inline may NOT replace previous VM definitions
2022-10-31 16:01:13,563 - Velocimacro : allowInlineToOverride = false : VMs defined inline may NOT replace previous VM definitions
2022-10-31 16:01:13,563 - Velocimacro : allowInlineLocal = false : VMs defined inline will be global in scope if allowed.
2022-10-31 16:01:13,563 - Velocimacro : allowInlineLocal = false : VMs defined inline will be global in scope if allowed.
2022-10-31 16:01:13,563 - Velocimacro : allowInlineLocal = false : VMs defined inline will be global in scope if allowed.
2022-10-31 16:01:13,563 - Velocimacro : allowInlineLocal = false : VMs defined inline will be global in scope if allowed.
2022-10-31 16:01:13,563 - Velocimacro : allowInlineLocal = false : VMs defined inline will be global in scope if allowed.
2022-10-31 16:01:13,563 - Velocimacro : allowInlineLocal = false : VMs defined inline will be global in scope if allowed.
2022-10-31 16:01:13,563 - Velocimacro : autoload off : VM system will not automatically reload global library macros
2022-10-31 16:01:13,563 - Velocimacro : autoload off : VM system will not automatically reload global library macros
2022-10-31 16:01:13,563 - Velocimacro : autoload off : VM system will not automatically reload global library macros
2022-10-31 16:01:13,563 - Velocimacro : autoload off : VM system will not automatically reload global library macros
2022-10-31 16:01:13,563 - Velocimacro : autoload off : VM system will not automatically reload global library macros
2022-10-31 16:01:13,563 - Velocimacro : autoload off : VM system will not automatically reload global library macros
2022-10-31 16:01:13,567 - ResourceManager : found velocityTemp.vm with loader org.apache.velocity.runtime.resource.loader.FileResourceLoader
2022-10-31 16:01:13,567 - ResourceManager : found velocityTemp.vm with loader org.apache.velocity.runtime.resource.loader.FileResourceLoader
2022-10-31 16:01:13,567 - ResourceManager : found velocityTemp.vm with loader org.apache.velocity.runtime.resource.loader.FileResourceLoader
2022-10-31 16:01:13,567 - ResourceManager : found velocityTemp.vm with loader org.apache.velocity.runtime.resource.loader.FileResourceLoader
2022-10-31 16:01:13,567 - ResourceManager : found velocityTemp.vm with loader org.apache.velocity.runtime.resource.loader.FileResourceLoader
2022-10-31 16:01:13,567 - ResourceManager : found velocityTemp.vm with loader org.apache.velocity.runtime.resource.loader.FileResourceLoader
2022-10-31 16:01:13,575 - Log4JLogChute initialized using file 'velocity.log'
2022-10-31 16:01:13,575 - Log4JLogChute initialized using file 'velocity.log'
2022-10-31 16:01:13,575 - Log4JLogChute initialized using file 'velocity.log'
2022-10-31 16:01:13,575 - Log4JLogChute initialized using file 'velocity.log'
2022-10-31 16:01:13,575 - Log4JLogChute initialized using file 'velocity.log'
2022-10-31 16:01:13,575 - Log4JLogChute initialized using file 'velocity.log'
2022-10-31 16:01:13,575 - Log4JLogChute initialized using file 'velocity.log'
2022-10-31 16:01:13,575 - Initializing Velocity, Calling init()...
2022-10-31 16:01:13,575 - Initializing Velocity, Calling init()...
2022-10-31 16:01:13,575 - Initializing Velocity, Calling init()...
2022-10-31 16:01:13,575 - Initializing Velocity, Calling init()...
2022-10-31 16:01:13,575 - Initializing Velocity, Calling init()...
2022-10-31 16:01:13,575 - Initializing Velocity, Calling init()...
2022-10-31 16:01:13,575 - Initializing Velocity, Calling init()...
2022-10-31 16:01:13,576 - Starting Apache Velocity v1.7 (compiled: 2010-11-19 12:14:37)
2022-10-31 16:01:13,576 - Starting Apache Velocity v1.7 (compiled: 2010-11-19 12:14:37)
2022-10-31 16:01:13,576 - Starting Apache Velocity v1.7 (compiled: 2010-11-19 12:14:37)
2022-10-31 16:01:13,576 - Starting Apache Velocity v1.7 (compiled: 2010-11-19 12:14:37)
2022-10-31 16:01:13,576 - Starting Apache Velocity v1.7 (compiled: 2010-11-19 12:14:37)
2022-10-31 16:01:13,576 - Starting Apache Velocity v1.7 (compiled: 2010-11-19 12:14:37)
2022-10-31 16:01:13,576 - Starting Apache Velocity v1.7 (compiled: 2010-11-19 12:14:37)
2022-10-31 16:01:13,576 - Default Properties File: org\apache\velocity\runtime\defaults\velocity.properties
2022-10-31 16:01:13,576 - Default Properties File: org\apache\velocity\runtime\defaults\velocity.properties
2022-10-31 16:01:13,576 - Default Properties File: org\apache\velocity\runtime\defaults\velocity.properties
2022-10-31 16:01:13,576 - Default Properties File: org\apache\velocity\runtime\defaults\velocity.properties
2022-10-31 16:01:13,576 - Default Properties File: org\apache\velocity\runtime\defaults\velocity.properties
2022-10-31 16:01:13,576 - Default Properties File: org\apache\velocity\runtime\defaults\velocity.properties
2022-10-31 16:01:13,576 - Default Properties File: org\apache\velocity\runtime\defaults\velocity.properties
2022-10-31 16:01:13,576 - Trying to use logger class org.apache.velocity.runtime.log.AvalonLogChute
2022-10-31 16:01:13,576 - Trying to use logger class org.apache.velocity.runtime.log.AvalonLogChute
2022-10-31 16:01:13,576 - Trying to use logger class org.apache.velocity.runtime.log.AvalonLogChute
2022-10-31 16:01:13,576 - Trying to use logger class org.apache.velocity.runtime.log.AvalonLogChute
2022-10-31 16:01:13,576 - Trying to use logger class org.apache.velocity.runtime.log.AvalonLogChute
2022-10-31 16:01:13,576 - Trying to use logger class org.apache.velocity.runtime.log.AvalonLogChute
2022-10-31 16:01:13,576 - Trying to use logger class org.apache.velocity.runtime.log.AvalonLogChute
2022-10-31 16:01:13,576 - Target log system for org.apache.velocity.runtime.log.AvalonLogChute is not available (java.lang.NoClassDefFoundError: org/apache/log/format/Formatter).  Falling back to next log system...
2022-10-31 16:01:13,576 - Target log system for org.apache.velocity.runtime.log.AvalonLogChute is not available (java.lang.NoClassDefFoundError: org/apache/log/format/Formatter).  Falling back to next log system...
2022-10-31 16:01:13,576 - Target log system for org.apache.velocity.runtime.log.AvalonLogChute is not available (java.lang.NoClassDefFoundError: org/apache/log/format/Formatter).  Falling back to next log system...
2022-10-31 16:01:13,576 - Target log system for org.apache.velocity.runtime.log.AvalonLogChute is not available (java.lang.NoClassDefFoundError: org/apache/log/format/Formatter).  Falling back to next log system...
2022-10-31 16:01:13,576 - Target log system for org.apache.velocity.runtime.log.AvalonLogChute is not available (java.lang.NoClassDefFoundError: org/apache/log/format/Formatter).  Falling back to next log system...
2022-10-31 16:01:13,576 - Target log system for org.apache.velocity.runtime.log.AvalonLogChute is not available (java.lang.NoClassDefFoundError: org/apache/log/format/Formatter).  Falling back to next log system...
2022-10-31 16:01:13,576 - Target log system for org.apache.velocity.runtime.log.AvalonLogChute is not available (java.lang.NoClassDefFoundError: org/apache/log/format/Formatter).  Falling back to next log system...
2022-10-31 16:01:13,576 - Trying to use logger class org.apache.velocity.runtime.log.Log4JLogChute
2022-10-31 16:01:13,576 - Trying to use logger class org.apache.velocity.runtime.log.Log4JLogChute
2022-10-31 16:01:13,576 - Trying to use logger class org.apache.velocity.runtime.log.Log4JLogChute
2022-10-31 16:01:13,576 - Trying to use logger class org.apache.velocity.runtime.log.Log4JLogChute
2022-10-31 16:01:13,576 - Trying to use logger class org.apache.velocity.runtime.log.Log4JLogChute
2022-10-31 16:01:13,576 - Trying to use logger class org.apache.velocity.runtime.log.Log4JLogChute
2022-10-31 16:01:13,576 - Trying to use logger class org.apache.velocity.runtime.log.Log4JLogChute
2022-10-31 16:01:13,576 - Using logger class org.apache.velocity.runtime.log.Log4JLogChute
2022-10-31 16:01:13,576 - Using logger class org.apache.velocity.runtime.log.Log4JLogChute
2022-10-31 16:01:13,576 - Using logger class org.apache.velocity.runtime.log.Log4JLogChute
2022-10-31 16:01:13,576 - Using logger class org.apache.velocity.runtime.log.Log4JLogChute
2022-10-31 16:01:13,576 - Using logger class org.apache.velocity.runtime.log.Log4JLogChute
2022-10-31 16:01:13,576 - Using logger class org.apache.velocity.runtime.log.Log4JLogChute
2022-10-31 16:01:13,576 - Using logger class org.apache.velocity.runtime.log.Log4JLogChute
2022-10-31 16:01:13,577 - ResourceLoader instantiated: org.apache.velocity.runtime.resource.loader.FileResourceLoader
2022-10-31 16:01:13,577 - ResourceLoader instantiated: org.apache.velocity.runtime.resource.loader.FileResourceLoader
2022-10-31 16:01:13,577 - ResourceLoader instantiated: org.apache.velocity.runtime.resource.loader.FileResourceLoader
2022-10-31 16:01:13,577 - ResourceLoader instantiated: org.apache.velocity.runtime.resource.loader.FileResourceLoader
2022-10-31 16:01:13,577 - ResourceLoader instantiated: org.apache.velocity.runtime.resource.loader.FileResourceLoader
2022-10-31 16:01:13,577 - ResourceLoader instantiated: org.apache.velocity.runtime.resource.loader.FileResourceLoader
2022-10-31 16:01:13,577 - ResourceLoader instantiated: org.apache.velocity.runtime.resource.loader.FileResourceLoader
2022-10-31 16:01:13,577 - Do unicode file recognition:  false
2022-10-31 16:01:13,577 - Do unicode file recognition:  false
2022-10-31 16:01:13,577 - Do unicode file recognition:  false
2022-10-31 16:01:13,577 - Do unicode file recognition:  false
2022-10-31 16:01:13,577 - Do unicode file recognition:  false
2022-10-31 16:01:13,577 - Do unicode file recognition:  false
2022-10-31 16:01:13,577 - Do unicode file recognition:  false
2022-10-31 16:01:13,577 - FileResourceLoader : adding path '.'
2022-10-31 16:01:13,577 - FileResourceLoader : adding path '.'
2022-10-31 16:01:13,577 - FileResourceLoader : adding path '.'
2022-10-31 16:01:13,577 - FileResourceLoader : adding path '.'
2022-10-31 16:01:13,577 - FileResourceLoader : adding path '.'
2022-10-31 16:01:13,577 - FileResourceLoader : adding path '.'
2022-10-31 16:01:13,577 - FileResourceLoader : adding path '.'
2022-10-31 16:01:13,577 - ResourceCache: initialized (class org.apache.velocity.runtime.resource.ResourceCacheImpl) with class java.util.Collections$SynchronizedMap cache map.
2022-10-31 16:01:13,577 - ResourceCache: initialized (class org.apache.velocity.runtime.resource.ResourceCacheImpl) with class java.util.Collections$SynchronizedMap cache map.
2022-10-31 16:01:13,577 - ResourceCache: initialized (class org.apache.velocity.runtime.resource.ResourceCacheImpl) with class java.util.Collections$SynchronizedMap cache map.
2022-10-31 16:01:13,577 - ResourceCache: initialized (class org.apache.velocity.runtime.resource.ResourceCacheImpl) with class java.util.Collections$SynchronizedMap cache map.
2022-10-31 16:01:13,577 - ResourceCache: initialized (class org.apache.velocity.runtime.resource.ResourceCacheImpl) with class java.util.Collections$SynchronizedMap cache map.
2022-10-31 16:01:13,577 - ResourceCache: initialized (class org.apache.velocity.runtime.resource.ResourceCacheImpl) with class java.util.Collections$SynchronizedMap cache map.
2022-10-31 16:01:13,577 - ResourceCache: initialized (class org.apache.velocity.runtime.resource.ResourceCacheImpl) with class java.util.Collections$SynchronizedMap cache map.
2022-10-31 16:01:13,578 - Loaded System Directive: org.apache.velocity.runtime.directive.Stop
2022-10-31 16:01:13,578 - Loaded System Directive: org.apache.velocity.runtime.directive.Stop
2022-10-31 16:01:13,578 - Loaded System Directive: org.apache.velocity.runtime.directive.Stop
2022-10-31 16:01:13,578 - Loaded System Directive: org.apache.velocity.runtime.directive.Stop
2022-10-31 16:01:13,578 - Loaded System Directive: org.apache.velocity.runtime.directive.Stop
2022-10-31 16:01:13,578 - Loaded System Directive: org.apache.velocity.runtime.directive.Stop
2022-10-31 16:01:13,578 - Loaded System Directive: org.apache.velocity.runtime.directive.Stop
2022-10-31 16:01:13,578 - Loaded System Directive: org.apache.velocity.runtime.directive.Define
2022-10-31 16:01:13,578 - Loaded System Directive: org.apache.velocity.runtime.directive.Define
2022-10-31 16:01:13,578 - Loaded System Directive: org.apache.velocity.runtime.directive.Define
2022-10-31 16:01:13,578 - Loaded System Directive: org.apache.velocity.runtime.directive.Define
2022-10-31 16:01:13,578 - Loaded System Directive: org.apache.velocity.runtime.directive.Define
2022-10-31 16:01:13,578 - Loaded System Directive: org.apache.velocity.runtime.directive.Define
2022-10-31 16:01:13,578 - Loaded System Directive: org.apache.velocity.runtime.directive.Define
2022-10-31 16:01:13,578 - Loaded System Directive: org.apache.velocity.runtime.directive.Break
2022-10-31 16:01:13,578 - Loaded System Directive: org.apache.velocity.runtime.directive.Break
2022-10-31 16:01:13,578 - Loaded System Directive: org.apache.velocity.runtime.directive.Break
2022-10-31 16:01:13,578 - Loaded System Directive: org.apache.velocity.runtime.directive.Break
2022-10-31 16:01:13,578 - Loaded System Directive: org.apache.velocity.runtime.directive.Break
2022-10-31 16:01:13,578 - Loaded System Directive: org.apache.velocity.runtime.directive.Break
2022-10-31 16:01:13,578 - Loaded System Directive: org.apache.velocity.runtime.directive.Break
2022-10-31 16:01:13,579 - Loaded System Directive: org.apache.velocity.runtime.directive.Evaluate
2022-10-31 16:01:13,579 - Loaded System Directive: org.apache.velocity.runtime.directive.Evaluate
2022-10-31 16:01:13,579 - Loaded System Directive: org.apache.velocity.runtime.directive.Evaluate
2022-10-31 16:01:13,579 - Loaded System Directive: org.apache.velocity.runtime.directive.Evaluate
2022-10-31 16:01:13,579 - Loaded System Directive: org.apache.velocity.runtime.directive.Evaluate
2022-10-31 16:01:13,579 - Loaded System Directive: org.apache.velocity.runtime.directive.Evaluate
2022-10-31 16:01:13,579 - Loaded System Directive: org.apache.velocity.runtime.directive.Evaluate
2022-10-31 16:01:13,579 - Loaded System Directive: org.apache.velocity.runtime.directive.Literal
2022-10-31 16:01:13,579 - Loaded System Directive: org.apache.velocity.runtime.directive.Literal
2022-10-31 16:01:13,579 - Loaded System Directive: org.apache.velocity.runtime.directive.Literal
2022-10-31 16:01:13,579 - Loaded System Directive: org.apache.velocity.runtime.directive.Literal
2022-10-31 16:01:13,579 - Loaded System Directive: org.apache.velocity.runtime.directive.Literal
2022-10-31 16:01:13,579 - Loaded System Directive: org.apache.velocity.runtime.directive.Literal
2022-10-31 16:01:13,579 - Loaded System Directive: org.apache.velocity.runtime.directive.Literal
2022-10-31 16:01:13,579 - Loaded System Directive: org.apache.velocity.runtime.directive.Macro
2022-10-31 16:01:13,579 - Loaded System Directive: org.apache.velocity.runtime.directive.Macro
2022-10-31 16:01:13,579 - Loaded System Directive: org.apache.velocity.runtime.directive.Macro
2022-10-31 16:01:13,579 - Loaded System Directive: org.apache.velocity.runtime.directive.Macro
2022-10-31 16:01:13,579 - Loaded System Directive: org.apache.velocity.runtime.directive.Macro
2022-10-31 16:01:13,579 - Loaded System Directive: org.apache.velocity.runtime.directive.Macro
2022-10-31 16:01:13,579 - Loaded System Directive: org.apache.velocity.runtime.directive.Macro
2022-10-31 16:01:13,579 - Loaded System Directive: org.apache.velocity.runtime.directive.Parse
2022-10-31 16:01:13,579 - Loaded System Directive: org.apache.velocity.runtime.directive.Parse
2022-10-31 16:01:13,579 - Loaded System Directive: org.apache.velocity.runtime.directive.Parse
2022-10-31 16:01:13,579 - Loaded System Directive: org.apache.velocity.runtime.directive.Parse
2022-10-31 16:01:13,579 - Loaded System Directive: org.apache.velocity.runtime.directive.Parse
2022-10-31 16:01:13,579 - Loaded System Directive: org.apache.velocity.runtime.directive.Parse
2022-10-31 16:01:13,579 - Loaded System Directive: org.apache.velocity.runtime.directive.Parse
2022-10-31 16:01:13,579 - Loaded System Directive: org.apache.velocity.runtime.directive.Include
2022-10-31 16:01:13,579 - Loaded System Directive: org.apache.velocity.runtime.directive.Include
2022-10-31 16:01:13,579 - Loaded System Directive: org.apache.velocity.runtime.directive.Include
2022-10-31 16:01:13,579 - Loaded System Directive: org.apache.velocity.runtime.directive.Include
2022-10-31 16:01:13,579 - Loaded System Directive: org.apache.velocity.runtime.directive.Include
2022-10-31 16:01:13,579 - Loaded System Directive: org.apache.velocity.runtime.directive.Include
2022-10-31 16:01:13,579 - Loaded System Directive: org.apache.velocity.runtime.directive.Include
2022-10-31 16:01:13,579 - Loaded System Directive: org.apache.velocity.runtime.directive.Foreach
2022-10-31 16:01:13,579 - Loaded System Directive: org.apache.velocity.runtime.directive.Foreach
2022-10-31 16:01:13,579 - Loaded System Directive: org.apache.velocity.runtime.directive.Foreach
2022-10-31 16:01:13,579 - Loaded System Directive: org.apache.velocity.runtime.directive.Foreach
2022-10-31 16:01:13,579 - Loaded System Directive: org.apache.velocity.runtime.directive.Foreach
2022-10-31 16:01:13,579 - Loaded System Directive: org.apache.velocity.runtime.directive.Foreach
2022-10-31 16:01:13,579 - Loaded System Directive: org.apache.velocity.runtime.directive.Foreach
2022-10-31 16:01:13,596 - Created '20' parsers.
2022-10-31 16:01:13,596 - Created '20' parsers.
2022-10-31 16:01:13,596 - Created '20' parsers.
2022-10-31 16:01:13,596 - Created '20' parsers.
2022-10-31 16:01:13,597 - Velocimacro : "velocimacro.library" is not set.  Trying default library: VM_global_library.vm
2022-10-31 16:01:13,597 - Velocimacro : "velocimacro.library" is not set.  Trying default library: VM_global_library.vm
2022-10-31 16:01:13,597 - Velocimacro : "velocimacro.library" is not set.  Trying default library: VM_global_library.vm
2022-10-31 16:01:13,598 - Velocimacro : Default library not found.
2022-10-31 16:01:13,598 - Velocimacro : Default library not found.
2022-10-31 16:01:13,598 - Velocimacro : Default library not found.
2022-10-31 16:01:13,598 - Velocimacro : allowInline = true : VMs can be defined inline in templates
2022-10-31 16:01:13,598 - Velocimacro : allowInline = true : VMs can be defined inline in templates
2022-10-31 16:01:13,598 - Velocimacro : allowInline = true : VMs can be defined inline in templates
2022-10-31 16:01:13,598 - Velocimacro : allowInlineToOverride = false : VMs defined inline may NOT replace previous VM definitions
2022-10-31 16:01:13,598 - Velocimacro : allowInlineToOverride = false : VMs defined inline may NOT replace previous VM definitions
2022-10-31 16:01:13,598 - Velocimacro : allowInlineToOverride = false : VMs defined inline may NOT replace previous VM definitions
2022-10-31 16:01:13,598 - Velocimacro : allowInlineLocal = false : VMs defined inline will be global in scope if allowed.
2022-10-31 16:01:13,598 - Velocimacro : allowInlineLocal = false : VMs defined inline will be global in scope if allowed.
2022-10-31 16:01:13,598 - Velocimacro : allowInlineLocal = false : VMs defined inline will be global in scope if allowed.
2022-10-31 16:01:13,598 - Velocimacro : autoload off : VM system will not automatically reload global library macros
2022-10-31 16:01:13,598 - Velocimacro : autoload off : VM system will not automatically reload global library macros
2022-10-31 16:01:13,598 - Velocimacro : autoload off : VM system will not automatically reload global library macros
2022-10-31 16:01:13,601 - ResourceManager : found velocityTemp.vm with loader org.apache.velocity.runtime.resource.loader.FileResourceLoader
2022-10-31 16:01:13,601 - ResourceManager : found velocityTemp.vm with loader org.apache.velocity.runtime.resource.loader.FileResourceLoader
2022-10-31 16:01:13,601 - ResourceManager : found velocityTemp.vm with loader org.apache.velocity.runtime.resource.loader.FileResourceLoader
